<?xml version="1.0" encoding="UTF-8"?>
<coverage generated="1665683682661" clover="3.2.0">
  <project timestamp="1665683682661" name="All files">
    <metrics statements="8" coveredstatements="8" conditionals="2" coveredconditionals="2" methods="4" coveredmethods="4" elements="14" coveredelements="14" complexity="0" loc="8" ncloc="8" packages="1" files="1" classes="1"/>
    <file name="utils.js" path="C:\dev\if-js\src\scripts\utils.js">
      <metrics statements="8" coveredstatements="8" conditionals="2" coveredconditionals="2" methods="4" coveredmethods="4"/>
      <line num="2" count="1" type="stmt"/>
      <line num="3" count="1" type="stmt"/>
      <line num="8" count="2" type="stmt"/>
      <line num="9" count="2" type="stmt"/>
      <line num="10" count="12" type="stmt"/>
      <line num="11" count="12" type="cond" truecount="2" falsecount="0"/>
      <line num="12" count="2" type="stmt"/>
      <line num="14" count="12" type="stmt"/>
    </file>
  </project>
</coverage>
