{"C:\\dev\\if-js\\src\\scripts\\utils.js": {"path":"C:\\dev\\if-js\\src\\scripts\\utils.js","statementMap":{"0":{"start":{"line":2,"column":2},"end":{"line":4,"column":4}},"1":{"start":{"line":3,"column":4},"end":{"line":3,"column":17}},"2":{"start":{"line":8,"column":14},"end":{"line":8,"column":15}},"3":{"start":{"line":9,"column":2},"end":{"line":15,"column":4}},"4":{"start":{"line":10,"column":4},"end":{"line":10,"column":12}},"5":{"start":{"line":11,"column":4},"end":{"line":13,"column":5}},"6":{"start":{"line":12,"column":6},"end":{"line":12,"column":16}},"7":{"start":{"line":14,"column":4},"end":{"line":14,"column":26}}},"fnMap":{"0":{"name":"sum","decl":{"start":{"line":1,"column":16},"end":{"line":1,"column":19}},"loc":{"start":{"line":1,"column":23},"end":{"line":5,"column":1}},"line":1},"1":{"name":"subSum","decl":{"start":{"line":2,"column":18},"end":{"line":2,"column":24}},"loc":{"start":{"line":2,"column":28},"end":{"line":4,"column":3}},"line":2},"2":{"name":"getColor","decl":{"start":{"line":7,"column":16},"end":{"line":7,"column":24}},"loc":{"start":{"line":7,"column":30},"end":{"line":16,"column":1}},"line":7},"3":{"name":"(anonymous_3)","decl":{"start":{"line":9,"column":9},"end":{"line":9,"column":10}},"loc":{"start":{"line":9,"column":21},"end":{"line":15,"column":3}},"line":9}},"branchMap":{"0":{"loc":{"start":{"line":11,"column":4},"end":{"line":13,"column":5}},"type":"if","locations":[{"start":{"line":11,"column":4},"end":{"line":13,"column":5}},{"start":{},"end":{}}],"line":11}},"s":{"0":1,"1":1,"2":2,"3":2,"4":12,"5":12,"6":2,"7":12},"f":{"0":1,"1":1,"2":2,"3":12},"b":{"0":[2,10]},"_coverageSchema":"1a1c01bbd47fc00a2c39e90264f33305004495a9","hash":"64de1df5ce5c889d6c45f49bc790868886bcf1b0"}
}
